#! /usr/bin/vvp
:ivl_version "12.0 (stable)";
:ivl_delay_selection "TYPICAL";
:vpi_time_precision - 9;
:vpi_module "/usr/lib/x86_64-linux-gnu/ivl/system.vpi";
:vpi_module "/usr/lib/x86_64-linux-gnu/ivl/vhdl_sys.vpi";
:vpi_module "/usr/lib/x86_64-linux-gnu/ivl/vhdl_textio.vpi";
:vpi_module "/usr/lib/x86_64-linux-gnu/ivl/v2005_math.vpi";
:vpi_module "/usr/lib/x86_64-linux-gnu/ivl/va_math.vpi";
S_0x6012face29a0 .scope module, "full_adder_4bit_tb" "full_adder_4bit_tb" 2 4;
 .timescale -8 -9;
v0x6012fad15d90_0 .var "a", 3 0;
v0x6012fad15e70_0 .var "b", 3 0;
v0x6012fad15f10_0 .var "c_in", 0 0;
v0x6012fad16030_0 .net "c_out", 0 0, L_0x6012fad17ff0;  1 drivers
v0x6012fad16120_0 .net "sum", 3 0, L_0x6012fad183b0;  1 drivers
S_0x6012face8790 .scope module, "adder" "full_adder_4bit" 2 11, 3 3 0, S_0x6012face29a0;
 .timescale -8 -9;
    .port_info 0 /INPUT 4 "a";
    .port_info 1 /INPUT 4 "b";
    .port_info 2 /INPUT 1 "c_in";
    .port_info 3 /OUTPUT 4 "sum";
    .port_info 4 /OUTPUT 1 "c_out";
v0x6012fad15680_0 .net "a", 3 0, v0x6012fad15d90_0;  1 drivers
v0x6012fad15780_0 .net "b", 3 0, v0x6012fad15e70_0;  1 drivers
v0x6012fad15860_0 .net "c1", 0 0, L_0x6012fad16750;  1 drivers
v0x6012fad15900_0 .net "c2", 0 0, L_0x6012fad16fa0;  1 drivers
v0x6012fad159f0_0 .net "c3", 0 0, L_0x6012fad17780;  1 drivers
v0x6012fad15b30_0 .net "c_in", 0 0, v0x6012fad15f10_0;  1 drivers
v0x6012fad15bd0_0 .net "c_out", 0 0, L_0x6012fad17ff0;  alias, 1 drivers
v0x6012fad15c70_0 .net "sum", 3 0, L_0x6012fad183b0;  alias, 1 drivers
L_0x6012fad16860 .part v0x6012fad15d90_0, 0, 1;
L_0x6012fad16990 .part v0x6012fad15e70_0, 0, 1;
L_0x6012fad170b0 .part v0x6012fad15d90_0, 1, 1;
L_0x6012fad171e0 .part v0x6012fad15e70_0, 1, 1;
L_0x6012fad17890 .part v0x6012fad15d90_0, 2, 1;
L_0x6012fad17a50 .part v0x6012fad15e70_0, 2, 1;
L_0x6012fad18100 .part v0x6012fad15d90_0, 3, 1;
L_0x6012fad18230 .part v0x6012fad15e70_0, 3, 1;
L_0x6012fad183b0 .concat8 [ 1 1 1 1], L_0x6012fad162b0, L_0x6012fad16b30, L_0x6012fad173b0, L_0x6012fad17cc0;
S_0x6012facf49a0 .scope module, "add1" "full_adder" 3 12, 4 1 0, S_0x6012face8790;
 .timescale -8 -9;
    .port_info 0 /INPUT 1 "a";
    .port_info 1 /INPUT 1 "b";
    .port_info 2 /INPUT 1 "c_in";
    .port_info 3 /OUTPUT 1 "sum";
    .port_info 4 /OUTPUT 1 "c_out";
L_0x6012fad16210 .functor XOR 1, L_0x6012fad16860, L_0x6012fad16990, C4<0>, C4<0>;
L_0x6012fad162b0 .functor XOR 1, L_0x6012fad16210, v0x6012fad15f10_0, C4<0>, C4<0>;
L_0x6012fad163a0 .functor AND 1, L_0x6012fad16860, L_0x6012fad16990, C4<1>, C4<1>;
L_0x6012fad164b0 .functor AND 1, L_0x6012fad16990, v0x6012fad15f10_0, C4<1>, C4<1>;
L_0x6012fad165e0 .functor OR 1, L_0x6012fad163a0, L_0x6012fad164b0, C4<0>, C4<0>;
L_0x6012fad166a0 .functor AND 1, L_0x6012fad16860, v0x6012fad15f10_0, C4<1>, C4<1>;
L_0x6012fad16750 .functor OR 1, L_0x6012fad165e0, L_0x6012fad166a0, C4<0>, C4<0>;
v0x6012faceaa80_0 .net *"_ivl_0", 0 0, L_0x6012fad16210;  1 drivers
v0x6012face8250_0 .net *"_ivl_10", 0 0, L_0x6012fad166a0;  1 drivers
v0x6012face5a20_0 .net *"_ivl_4", 0 0, L_0x6012fad163a0;  1 drivers
v0x6012face31c0_0 .net *"_ivl_6", 0 0, L_0x6012fad164b0;  1 drivers
v0x6012fad12fe0_0 .net *"_ivl_8", 0 0, L_0x6012fad165e0;  1 drivers
v0x6012fad13110_0 .net "a", 0 0, L_0x6012fad16860;  1 drivers
v0x6012fad131d0_0 .net "b", 0 0, L_0x6012fad16990;  1 drivers
v0x6012fad13290_0 .net "c_in", 0 0, v0x6012fad15f10_0;  alias, 1 drivers
v0x6012fad13350_0 .net "c_out", 0 0, L_0x6012fad16750;  alias, 1 drivers
v0x6012fad13410_0 .net "sum", 0 0, L_0x6012fad162b0;  1 drivers
S_0x6012fad13570 .scope module, "add2" "full_adder" 3 13, 4 1 0, S_0x6012face8790;
 .timescale -8 -9;
    .port_info 0 /INPUT 1 "a";
    .port_info 1 /INPUT 1 "b";
    .port_info 2 /INPUT 1 "c_in";
    .port_info 3 /OUTPUT 1 "sum";
    .port_info 4 /OUTPUT 1 "c_out";
L_0x6012fad16ac0 .functor XOR 1, L_0x6012fad170b0, L_0x6012fad171e0, C4<0>, C4<0>;
L_0x6012fad16b30 .functor XOR 1, L_0x6012fad16ac0, L_0x6012fad16750, C4<0>, C4<0>;
L_0x6012fad16c80 .functor AND 1, L_0x6012fad170b0, L_0x6012fad171e0, C4<1>, C4<1>;
L_0x6012fad16d40 .functor AND 1, L_0x6012fad171e0, L_0x6012fad16750, C4<1>, C4<1>;
L_0x6012fad16de0 .functor OR 1, L_0x6012fad16c80, L_0x6012fad16d40, C4<0>, C4<0>;
L_0x6012fad16ef0 .functor AND 1, L_0x6012fad170b0, L_0x6012fad16750, C4<1>, C4<1>;
L_0x6012fad16fa0 .functor OR 1, L_0x6012fad16de0, L_0x6012fad16ef0, C4<0>, C4<0>;
v0x6012fad13720_0 .net *"_ivl_0", 0 0, L_0x6012fad16ac0;  1 drivers
v0x6012fad13800_0 .net *"_ivl_10", 0 0, L_0x6012fad16ef0;  1 drivers
v0x6012fad138e0_0 .net *"_ivl_4", 0 0, L_0x6012fad16c80;  1 drivers
v0x6012fad139a0_0 .net *"_ivl_6", 0 0, L_0x6012fad16d40;  1 drivers
v0x6012fad13a80_0 .net *"_ivl_8", 0 0, L_0x6012fad16de0;  1 drivers
v0x6012fad13bb0_0 .net "a", 0 0, L_0x6012fad170b0;  1 drivers
v0x6012fad13c70_0 .net "b", 0 0, L_0x6012fad171e0;  1 drivers
v0x6012fad13d30_0 .net "c_in", 0 0, L_0x6012fad16750;  alias, 1 drivers
v0x6012fad13dd0_0 .net "c_out", 0 0, L_0x6012fad16fa0;  alias, 1 drivers
v0x6012fad13e70_0 .net "sum", 0 0, L_0x6012fad16b30;  1 drivers
S_0x6012fad13fd0 .scope module, "add3" "full_adder" 3 14, 4 1 0, S_0x6012face8790;
 .timescale -8 -9;
    .port_info 0 /INPUT 1 "a";
    .port_info 1 /INPUT 1 "b";
    .port_info 2 /INPUT 1 "c_in";
    .port_info 3 /OUTPUT 1 "sum";
    .port_info 4 /OUTPUT 1 "c_out";
L_0x6012fad17340 .functor XOR 1, L_0x6012fad17890, L_0x6012fad17a50, C4<0>, C4<0>;
L_0x6012fad173b0 .functor XOR 1, L_0x6012fad17340, L_0x6012fad16fa0, C4<0>, C4<0>;
L_0x6012fad174b0 .functor AND 1, L_0x6012fad17890, L_0x6012fad17a50, C4<1>, C4<1>;
L_0x6012fad17520 .functor AND 1, L_0x6012fad17a50, L_0x6012fad16fa0, C4<1>, C4<1>;
L_0x6012fad175c0 .functor OR 1, L_0x6012fad174b0, L_0x6012fad17520, C4<0>, C4<0>;
L_0x6012fad176d0 .functor AND 1, L_0x6012fad17890, L_0x6012fad16fa0, C4<1>, C4<1>;
L_0x6012fad17780 .functor OR 1, L_0x6012fad175c0, L_0x6012fad176d0, C4<0>, C4<0>;
v0x6012fad14190_0 .net *"_ivl_0", 0 0, L_0x6012fad17340;  1 drivers
v0x6012fad14270_0 .net *"_ivl_10", 0 0, L_0x6012fad176d0;  1 drivers
v0x6012fad14350_0 .net *"_ivl_4", 0 0, L_0x6012fad174b0;  1 drivers
v0x6012fad14440_0 .net *"_ivl_6", 0 0, L_0x6012fad17520;  1 drivers
v0x6012fad14520_0 .net *"_ivl_8", 0 0, L_0x6012fad175c0;  1 drivers
v0x6012fad14650_0 .net "a", 0 0, L_0x6012fad17890;  1 drivers
v0x6012fad14710_0 .net "b", 0 0, L_0x6012fad17a50;  1 drivers
v0x6012fad147d0_0 .net "c_in", 0 0, L_0x6012fad16fa0;  alias, 1 drivers
v0x6012fad14870_0 .net "c_out", 0 0, L_0x6012fad17780;  alias, 1 drivers
v0x6012fad149a0_0 .net "sum", 0 0, L_0x6012fad173b0;  1 drivers
S_0x6012fad14b30 .scope module, "add4" "full_adder" 3 15, 4 1 0, S_0x6012face8790;
 .timescale -8 -9;
    .port_info 0 /INPUT 1 "a";
    .port_info 1 /INPUT 1 "b";
    .port_info 2 /INPUT 1 "c_in";
    .port_info 3 /OUTPUT 1 "sum";
    .port_info 4 /OUTPUT 1 "c_out";
L_0x6012fad17c50 .functor XOR 1, L_0x6012fad18100, L_0x6012fad18230, C4<0>, C4<0>;
L_0x6012fad17cc0 .functor XOR 1, L_0x6012fad17c50, L_0x6012fad17780, C4<0>, C4<0>;
L_0x6012fad17dc0 .functor AND 1, L_0x6012fad18100, L_0x6012fad18230, C4<1>, C4<1>;
L_0x6012fad17e30 .functor AND 1, L_0x6012fad18230, L_0x6012fad17780, C4<1>, C4<1>;
L_0x6012fad17ed0 .functor OR 1, L_0x6012fad17dc0, L_0x6012fad17e30, C4<0>, C4<0>;
L_0x6012fad17f40 .functor AND 1, L_0x6012fad18100, L_0x6012fad17780, C4<1>, C4<1>;
L_0x6012fad17ff0 .functor OR 1, L_0x6012fad17ed0, L_0x6012fad17f40, C4<0>, C4<0>;
v0x6012fad14cc0_0 .net *"_ivl_0", 0 0, L_0x6012fad17c50;  1 drivers
v0x6012fad14dc0_0 .net *"_ivl_10", 0 0, L_0x6012fad17f40;  1 drivers
v0x6012fad14ea0_0 .net *"_ivl_4", 0 0, L_0x6012fad17dc0;  1 drivers
v0x6012fad14f90_0 .net *"_ivl_6", 0 0, L_0x6012fad17e30;  1 drivers
v0x6012fad15070_0 .net *"_ivl_8", 0 0, L_0x6012fad17ed0;  1 drivers
v0x6012fad151a0_0 .net "a", 0 0, L_0x6012fad18100;  1 drivers
v0x6012fad15260_0 .net "b", 0 0, L_0x6012fad18230;  1 drivers
v0x6012fad15320_0 .net "c_in", 0 0, L_0x6012fad17780;  alias, 1 drivers
v0x6012fad153c0_0 .net "c_out", 0 0, L_0x6012fad17ff0;  alias, 1 drivers
v0x6012fad154f0_0 .net "sum", 0 0, L_0x6012fad17cc0;  1 drivers
    .scope S_0x6012face29a0;
T_0 ;
    %vpi_call 2 14 "$dumpfile", "full_adder_4bit.vcd" {0 0 0};
    %vpi_call 2 15 "$dumpvars", 32'sb00000000000000000000000000000000, S_0x6012face29a0 {0 0 0};
    %pushi/vec4 9, 0, 4;
    %store/vec4 v0x6012fad15d90_0, 0, 4;
    %pushi/vec4 8, 0, 4;
    %store/vec4 v0x6012fad15e70_0, 0, 4;
    %pushi/vec4 1, 0, 1;
    %store/vec4 v0x6012fad15f10_0, 0, 1;
    %delay 10, 0;
    %pushi/vec4 11, 0, 4;
    %store/vec4 v0x6012fad15d90_0, 0, 4;
    %pushi/vec4 10, 0, 4;
    %store/vec4 v0x6012fad15e70_0, 0, 4;
    %pushi/vec4 0, 0, 1;
    %store/vec4 v0x6012fad15f10_0, 0, 1;
    %delay 10, 0;
    %pushi/vec4 8, 0, 4;
    %store/vec4 v0x6012fad15d90_0, 0, 4;
    %pushi/vec4 12, 0, 4;
    %store/vec4 v0x6012fad15e70_0, 0, 4;
    %pushi/vec4 1, 0, 1;
    %store/vec4 v0x6012fad15f10_0, 0, 1;
    %delay 10, 0;
    %pushi/vec4 13, 0, 4;
    %store/vec4 v0x6012fad15d90_0, 0, 4;
    %pushi/vec4 14, 0, 4;
    %store/vec4 v0x6012fad15e70_0, 0, 4;
    %pushi/vec4 0, 0, 1;
    %store/vec4 v0x6012fad15f10_0, 0, 1;
    %delay 10, 0;
    %vpi_call 2 21 "$finish" {0 0 0};
    %end;
    .thread T_0;
# The file index is used to find the file name in the following table.
:file_names 5;
    "N/A";
    "<interactive>";
    "full_adder_4bit_tb.v";
    "./full_adder_4bit.v";
    "./full_adder.v";
